<?xml version="1.0" encoding="UTF-8"?>
<testsuite name="RaceCounterTest" tests="3" skipped="0" failures="0" errors="0" timestamp="2025-02-06T20:18:30" hostname="DESKTOP-2F9TN2V" time="0.468">
  <properties/>
  <testcase name="startCounter_threadsRunning_2008()" classname="RaceCounterTest" time="0.373"/>
  <testcase name="getCounter_2000Threads_2000()" classname="RaceCounterTest" time="0.081"/>
  <testcase name="counter_isAtomicInteger()" classname="RaceCounterTest" time="0.002"/>
  <system-out><![CDATA[]]></system-out>
  <system-err><![CDATA[]]></system-err>
</testsuite>
